2024/07/14 13:47:47 [notice] 1#1: using the "epoll" event method
2024/07/14 13:47:47 [notice] 1#1: nginx/1.26.1
2024/07/14 13:47:47 [notice] 1#1: built by gcc 13.2.1 20231014 (Alpine 13.2.1_git20231014) 
2024/07/14 13:47:47 [notice] 1#1: OS: Linux 6.5.0-41-generic
2024/07/14 13:47:47 [notice] 1#1: getrlimit(RLIMIT_NOFILE): 1048576:1048576
2024/07/14 13:47:47 [notice] 1#1: start worker processes
2024/07/14 13:47:47 [notice] 1#1: start worker process 29
2024/07/14 13:47:47 [notice] 1#1: start worker process 30
2024/07/14 13:47:47 [notice] 1#1: start worker process 31
2024/07/14 13:47:47 [notice] 1#1: start worker process 32
2024/07/14 13:47:47 [notice] 1#1: start worker process 33
2024/07/14 13:47:47 [notice] 1#1: start worker process 34
2024/07/14 13:47:47 [notice] 1#1: start worker process 35
2024/07/14 13:47:47 [notice] 1#1: start worker process 36
2024/07/14 14:19:03 [notice] 1#1: signal 3 (SIGQUIT) received, shutting down
2024/07/14 14:19:03 [notice] 31#31: gracefully shutting down
2024/07/14 14:19:03 [notice] 30#30: gracefully shutting down
2024/07/14 14:19:03 [notice] 29#29: gracefully shutting down
2024/07/14 14:19:03 [notice] 32#32: gracefully shutting down
2024/07/14 14:19:03 [notice] 33#33: gracefully shutting down
2024/07/14 14:19:03 [notice] 36#36: gracefully shutting down
2024/07/14 14:19:03 [notice] 35#35: gracefully shutting down
2024/07/14 14:19:03 [notice] 31#31: exiting
2024/07/14 14:19:03 [notice] 30#30: exiting
2024/07/14 14:19:03 [notice] 29#29: exiting
2024/07/14 14:19:03 [notice] 32#32: exiting
2024/07/14 14:19:03 [notice] 33#33: exiting
2024/07/14 14:19:03 [notice] 36#36: exiting
2024/07/14 14:19:03 [notice] 35#35: exiting
2024/07/14 14:19:03 [notice] 31#31: exit
2024/07/14 14:19:03 [notice] 30#30: exit
2024/07/14 14:19:03 [notice] 29#29: exit
2024/07/14 14:19:03 [notice] 35#35: exit
2024/07/14 14:19:03 [notice] 32#32: exit
2024/07/14 14:19:03 [notice] 33#33: exit
2024/07/14 14:19:03 [notice] 36#36: exit
2024/07/14 14:19:03 [notice] 34#34: gracefully shutting down
2024/07/14 14:19:03 [notice] 34#34: exiting
2024/07/14 14:19:03 [notice] 34#34: exit
2024/07/14 14:19:03 [notice] 1#1: signal 17 (SIGCHLD) received from 35
2024/07/14 14:19:03 [notice] 1#1: worker process 34 exited with code 0
2024/07/14 14:19:03 [notice] 1#1: worker process 35 exited with code 0
2024/07/14 14:19:03 [notice] 1#1: signal 29 (SIGIO) received
2024/07/14 14:19:03 [notice] 1#1: signal 17 (SIGCHLD) received from 32
2024/07/14 14:19:03 [notice] 1#1: worker process 30 exited with code 0
2024/07/14 14:19:03 [notice] 1#1: worker process 32 exited with code 0
2024/07/14 14:19:03 [notice] 1#1: signal 29 (SIGIO) received
2024/07/14 14:19:03 [notice] 1#1: signal 17 (SIGCHLD) received from 30
2024/07/14 14:19:03 [notice] 1#1: signal 17 (SIGCHLD) received from 31
2024/07/14 14:19:03 [notice] 1#1: worker process 31 exited with code 0
2024/07/14 14:19:03 [notice] 1#1: signal 29 (SIGIO) received
2024/07/14 14:19:03 [notice] 1#1: signal 17 (SIGCHLD) received from 29
2024/07/14 14:19:03 [notice] 1#1: worker process 29 exited with code 0
2024/07/14 14:19:03 [notice] 1#1: signal 29 (SIGIO) received
2024/07/14 14:19:03 [notice] 1#1: signal 17 (SIGCHLD) received from 36
2024/07/14 14:19:03 [notice] 1#1: worker process 36 exited with code 0
2024/07/14 14:19:03 [notice] 1#1: signal 17 (SIGCHLD) received from 33
2024/07/14 14:19:03 [notice] 1#1: worker process 33 exited with code 0
2024/07/14 14:19:03 [notice] 1#1: exit
2024/07/14 14:20:11 [notice] 1#1: using the "epoll" event method
2024/07/14 14:20:11 [notice] 1#1: nginx/1.26.1
2024/07/14 14:20:11 [notice] 1#1: built by gcc 13.2.1 20231014 (Alpine 13.2.1_git20231014) 
2024/07/14 14:20:11 [notice] 1#1: OS: Linux 6.5.0-41-generic
2024/07/14 14:20:11 [notice] 1#1: getrlimit(RLIMIT_NOFILE): 1048576:1048576
2024/07/14 14:20:11 [notice] 1#1: start worker processes
2024/07/14 14:20:11 [notice] 1#1: start worker process 29
2024/07/14 14:20:11 [notice] 1#1: start worker process 30
2024/07/14 14:20:11 [notice] 1#1: start worker process 31
2024/07/14 14:20:11 [notice] 1#1: start worker process 32
2024/07/14 14:20:11 [notice] 1#1: start worker process 33
2024/07/14 14:20:11 [notice] 1#1: start worker process 34
2024/07/14 14:20:11 [notice] 1#1: start worker process 35
2024/07/14 14:20:11 [notice] 1#1: start worker process 36
2024/07/14 22:06:02 [notice] 1#1: signal 3 (SIGQUIT) received, shutting down
2024/07/14 22:06:02 [notice] 29#29: gracefully shutting down
2024/07/14 22:06:02 [notice] 30#30: gracefully shutting down
2024/07/14 22:06:02 [notice] 33#33: gracefully shutting down
2024/07/14 22:06:02 [notice] 29#29: exiting
2024/07/14 22:06:02 [notice] 34#34: gracefully shutting down
2024/07/14 22:06:02 [notice] 32#32: gracefully shutting down
2024/07/14 22:06:02 [notice] 30#30: exiting
2024/07/14 22:06:02 [notice] 31#31: gracefully shutting down
2024/07/14 22:06:02 [notice] 33#33: exiting
2024/07/14 22:06:02 [notice] 34#34: exiting
2024/07/14 22:06:02 [notice] 32#32: exiting
2024/07/14 22:06:02 [notice] 31#31: exiting
2024/07/14 22:06:02 [notice] 35#35: gracefully shutting down
2024/07/14 22:06:02 [notice] 35#35: exiting
2024/07/14 22:06:02 [notice] 36#36: gracefully shutting down
2024/07/14 22:06:02 [notice] 36#36: exiting
2024/07/14 22:06:02 [notice] 32#32: exit
2024/07/14 22:06:02 [notice] 31#31: exit
2024/07/14 22:06:02 [notice] 33#33: exit
2024/07/14 22:06:02 [notice] 36#36: exit
2024/07/14 22:06:02 [notice] 30#30: exit
2024/07/14 22:06:02 [notice] 29#29: exit
2024/07/14 22:06:02 [notice] 35#35: exit
2024/07/14 22:06:02 [notice] 34#34: exit
2024/07/14 22:06:02 [notice] 1#1: signal 17 (SIGCHLD) received from 34
2024/07/14 22:06:02 [notice] 1#1: worker process 34 exited with code 0
2024/07/14 22:06:02 [notice] 1#1: signal 29 (SIGIO) received
2024/07/14 22:06:02 [notice] 1#1: signal 17 (SIGCHLD) received from 29
2024/07/14 22:06:02 [notice] 1#1: worker process 29 exited with code 0
2024/07/14 22:06:02 [notice] 1#1: signal 29 (SIGIO) received
2024/07/14 22:06:02 [notice] 1#1: signal 17 (SIGCHLD) received from 31
2024/07/14 22:06:02 [notice] 1#1: worker process 31 exited with code 0
2024/07/14 22:06:02 [notice] 1#1: signal 29 (SIGIO) received
2024/07/14 22:06:02 [notice] 1#1: signal 17 (SIGCHLD) received from 30
2024/07/14 22:06:02 [notice] 1#1: worker process 30 exited with code 0
2024/07/14 22:06:02 [notice] 1#1: worker process 32 exited with code 0
2024/07/14 22:06:02 [notice] 1#1: worker process 33 exited with code 0
2024/07/14 22:06:02 [notice] 1#1: worker process 35 exited with code 0
2024/07/14 22:06:02 [notice] 1#1: worker process 36 exited with code 0
2024/07/14 22:06:02 [notice] 1#1: exit
2024/07/15 14:08:57 [notice] 1#1: using the "epoll" event method
2024/07/15 14:08:57 [notice] 1#1: nginx/1.26.1
2024/07/15 14:08:57 [notice] 1#1: built by gcc 13.2.1 20231014 (Alpine 13.2.1_git20231014) 
2024/07/15 14:08:57 [notice] 1#1: OS: Linux 6.5.0-41-generic
2024/07/15 14:08:57 [notice] 1#1: getrlimit(RLIMIT_NOFILE): 1048576:1048576
2024/07/15 14:08:57 [notice] 1#1: start worker processes
2024/07/15 14:08:57 [notice] 1#1: start worker process 29
2024/07/15 14:08:57 [notice] 1#1: start worker process 30
2024/07/15 14:08:57 [notice] 1#1: start worker process 31
2024/07/15 14:08:57 [notice] 1#1: start worker process 32
2024/07/15 14:08:57 [notice] 1#1: start worker process 33
2024/07/15 14:08:57 [notice] 1#1: start worker process 34
2024/07/15 14:08:57 [notice] 1#1: start worker process 35
2024/07/15 14:08:57 [notice] 1#1: start worker process 36
2024/07/15 15:19:35 [notice] 1#1: signal 3 (SIGQUIT) received, shutting down
2024/07/15 15:19:35 [notice] 29#29: gracefully shutting down
2024/07/15 15:19:35 [notice] 31#31: gracefully shutting down
2024/07/15 15:19:35 [notice] 30#30: gracefully shutting down
2024/07/15 15:19:35 [notice] 33#33: gracefully shutting down
2024/07/15 15:19:35 [notice] 36#36: gracefully shutting down
2024/07/15 15:19:35 [notice] 32#32: gracefully shutting down
2024/07/15 15:19:35 [notice] 29#29: exiting
2024/07/15 15:19:35 [notice] 33#33: exiting
2024/07/15 15:19:35 [notice] 36#36: exiting
2024/07/15 15:19:35 [notice] 32#32: exiting
2024/07/15 15:19:35 [notice] 31#31: exiting
2024/07/15 15:19:35 [notice] 30#30: exiting
2024/07/15 15:19:35 [notice] 34#34: gracefully shutting down
2024/07/15 15:19:35 [notice] 34#34: exiting
2024/07/15 15:19:35 [notice] 33#33: exit
2024/07/15 15:19:35 [notice] 36#36: exit
2024/07/15 15:19:35 [notice] 29#29: exit
2024/07/15 15:19:35 [notice] 32#32: exit
2024/07/15 15:19:35 [notice] 31#31: exit
2024/07/15 15:19:35 [notice] 30#30: exit
2024/07/15 15:19:35 [notice] 34#34: exit
2024/07/15 15:19:35 [notice] 35#35: gracefully shutting down
2024/07/15 15:19:35 [notice] 35#35: exiting
2024/07/15 15:19:35 [notice] 35#35: exit
2024/07/15 15:19:35 [notice] 1#1: signal 17 (SIGCHLD) received from 36
2024/07/15 15:19:35 [notice] 1#1: worker process 36 exited with code 0
2024/07/15 15:19:35 [notice] 1#1: signal 29 (SIGIO) received
2024/07/15 15:19:35 [notice] 1#1: signal 17 (SIGCHLD) received from 34
2024/07/15 15:19:35 [notice] 1#1: worker process 34 exited with code 0
2024/07/15 15:19:35 [notice] 1#1: worker process 35 exited with code 0
2024/07/15 15:19:35 [notice] 1#1: signal 29 (SIGIO) received
2024/07/15 15:19:35 [notice] 1#1: signal 17 (SIGCHLD) received from 29
2024/07/15 15:19:35 [notice] 1#1: worker process 29 exited with code 0
2024/07/15 15:19:35 [notice] 1#1: signal 29 (SIGIO) received
2024/07/15 15:19:35 [notice] 1#1: signal 17 (SIGCHLD) received from 30
2024/07/15 15:19:35 [notice] 1#1: worker process 30 exited with code 0
2024/07/15 15:19:35 [notice] 1#1: signal 29 (SIGIO) received
2024/07/15 15:19:35 [notice] 1#1: signal 17 (SIGCHLD) received from 32
2024/07/15 15:19:35 [notice] 1#1: worker process 32 exited with code 0
2024/07/15 15:19:35 [notice] 1#1: worker process 31 exited with code 0
2024/07/15 15:19:35 [notice] 1#1: worker process 33 exited with code 0
2024/07/15 15:19:35 [notice] 1#1: exit
2024/07/15 19:28:31 [notice] 1#1: using the "epoll" event method
2024/07/15 19:28:31 [notice] 1#1: nginx/1.26.1
2024/07/15 19:28:31 [notice] 1#1: built by gcc 13.2.1 20231014 (Alpine 13.2.1_git20231014) 
2024/07/15 19:28:31 [notice] 1#1: OS: Linux 6.5.0-41-generic
2024/07/15 19:28:31 [notice] 1#1: getrlimit(RLIMIT_NOFILE): 1048576:1048576
2024/07/15 19:28:31 [notice] 1#1: start worker processes
2024/07/15 19:28:31 [notice] 1#1: start worker process 29
2024/07/15 19:28:31 [notice] 1#1: start worker process 30
2024/07/15 19:28:31 [notice] 1#1: start worker process 31
2024/07/15 19:28:31 [notice] 1#1: start worker process 32
2024/07/15 19:28:31 [notice] 1#1: start worker process 33
2024/07/15 19:28:31 [notice] 1#1: start worker process 34
2024/07/15 19:28:31 [notice] 1#1: start worker process 35
2024/07/15 19:28:31 [notice] 1#1: start worker process 36
2024/07/15 20:55:51 [notice] 1#1: signal 3 (SIGQUIT) received, shutting down
2024/07/15 20:55:51 [notice] 31#31: gracefully shutting down
2024/07/15 20:55:51 [notice] 31#31: exiting
2024/07/15 20:55:51 [notice] 33#33: gracefully shutting down
2024/07/15 20:55:51 [notice] 32#32: gracefully shutting down
2024/07/15 20:55:51 [notice] 33#33: exiting
2024/07/15 20:55:51 [notice] 35#35: gracefully shutting down
2024/07/15 20:55:51 [notice] 32#32: exiting
2024/07/15 20:55:51 [notice] 35#35: exiting
2024/07/15 20:55:51 [notice] 36#36: gracefully shutting down
2024/07/15 20:55:51 [notice] 31#31: exit
2024/07/15 20:55:51 [notice] 36#36: exiting
2024/07/15 20:55:51 [notice] 33#33: exit
2024/07/15 20:55:51 [notice] 29#29: gracefully shutting down
2024/07/15 20:55:51 [notice] 29#29: exiting
2024/07/15 20:55:51 [notice] 32#32: exit
2024/07/15 20:55:51 [notice] 35#35: exit
2024/07/15 20:55:51 [notice] 29#29: exit
2024/07/15 20:55:51 [notice] 36#36: exit
2024/07/15 20:55:51 [notice] 34#34: gracefully shutting down
2024/07/15 20:55:51 [notice] 30#30: gracefully shutting down
2024/07/15 20:55:51 [notice] 34#34: exiting
2024/07/15 20:55:51 [notice] 30#30: exiting
2024/07/15 20:55:51 [notice] 34#34: exit
2024/07/15 20:55:51 [notice] 30#30: exit
2024/07/15 20:55:51 [notice] 1#1: signal 17 (SIGCHLD) received from 36
2024/07/15 20:55:51 [notice] 1#1: worker process 36 exited with code 0
2024/07/15 20:55:51 [notice] 1#1: signal 29 (SIGIO) received
2024/07/15 20:55:51 [notice] 1#1: signal 17 (SIGCHLD) received from 31
2024/07/15 20:55:51 [notice] 1#1: worker process 29 exited with code 0
2024/07/15 20:55:51 [notice] 1#1: worker process 31 exited with code 0
2024/07/15 20:55:51 [notice] 1#1: signal 29 (SIGIO) received
2024/07/15 20:55:51 [notice] 1#1: signal 17 (SIGCHLD) received from 29
2024/07/15 20:55:51 [notice] 1#1: signal 17 (SIGCHLD) received from 32
2024/07/15 20:55:51 [notice] 1#1: worker process 32 exited with code 0
2024/07/15 20:55:51 [notice] 1#1: signal 29 (SIGIO) received
2024/07/15 20:55:51 [notice] 1#1: signal 17 (SIGCHLD) received from 34
2024/07/15 20:55:51 [notice] 1#1: worker process 33 exited with code 0
2024/07/15 20:55:51 [notice] 1#1: worker process 30 exited with code 0
2024/07/15 20:55:51 [notice] 1#1: worker process 34 exited with code 0
2024/07/15 20:55:51 [notice] 1#1: signal 17 (SIGCHLD) received from 33
2024/07/15 20:55:51 [notice] 1#1: worker process 35 exited with code 0
2024/07/15 20:55:51 [notice] 1#1: exit
2024/07/16 05:48:41 [emerg] 1#1: host not found in upstream "voyagephp" in /etc/nginx/conf.d/default.conf:15
2024/07/16 05:48:47 [emerg] 1#1: host not found in upstream "voyagephp" in /etc/nginx/conf.d/default.conf:15
2024/07/16 05:48:53 [emerg] 1#1: host not found in upstream "voyagephp" in /etc/nginx/conf.d/default.conf:15
2024/07/16 05:48:58 [emerg] 1#1: host not found in upstream "voyagephp" in /etc/nginx/conf.d/default.conf:15
2024/07/16 05:49:05 [emerg] 1#1: host not found in upstream "voyagephp" in /etc/nginx/conf.d/default.conf:15
2024/07/16 05:49:13 [emerg] 1#1: host not found in upstream "voyagephp" in /etc/nginx/conf.d/default.conf:15
2024/07/16 05:49:21 [emerg] 1#1: host not found in upstream "voyagephp" in /etc/nginx/conf.d/default.conf:15
2024/07/16 05:49:33 [emerg] 1#1: host not found in upstream "voyagephp" in /etc/nginx/conf.d/default.conf:15
2024/07/16 05:49:51 [emerg] 1#1: host not found in upstream "voyagephp" in /etc/nginx/conf.d/default.conf:15
2024/07/16 05:50:22 [emerg] 1#1: host not found in upstream "voyagephp" in /etc/nginx/conf.d/default.conf:15
2024/07/16 05:51:18 [emerg] 1#1: host not found in upstream "voyagephp" in /etc/nginx/conf.d/default.conf:15
2024/07/16 05:52:24 [emerg] 1#1: host not found in upstream "voyagephp" in /etc/nginx/conf.d/default.conf:15
2024/07/16 05:53:29 [emerg] 1#1: host not found in upstream "voyagephp" in /etc/nginx/conf.d/default.conf:15
2024/07/16 05:54:34 [emerg] 1#1: host not found in upstream "voyagephp" in /etc/nginx/conf.d/default.conf:15
2024/07/18 16:29:27 [emerg] 1#1: host not found in upstream "voyagephp" in /etc/nginx/conf.d/default.conf:15
2024/07/18 16:29:33 [emerg] 1#1: host not found in upstream "voyagephp" in /etc/nginx/conf.d/default.conf:15
2024/07/18 16:29:38 [emerg] 1#1: host not found in upstream "voyagephp" in /etc/nginx/conf.d/default.conf:15
2024/07/18 16:29:44 [emerg] 1#1: host not found in upstream "voyagephp" in /etc/nginx/conf.d/default.conf:15
2024/07/18 16:29:59 [emerg] 1#1: host not found in upstream "voyagephp" in /etc/nginx/conf.d/default.conf:15
2024/07/18 16:30:06 [emerg] 1#1: host not found in upstream "voyagephp" in /etc/nginx/conf.d/default.conf:15
2024/07/18 16:30:14 [emerg] 1#1: host not found in upstream "voyagephp" in /etc/nginx/conf.d/default.conf:15
2024/07/18 16:30:26 [emerg] 1#1: host not found in upstream "voyagephp" in /etc/nginx/conf.d/default.conf:15
2024/07/18 16:30:44 [emerg] 1#1: host not found in upstream "voyagephp" in /etc/nginx/conf.d/default.conf:15
2024/07/18 16:31:15 [emerg] 1#1: host not found in upstream "voyagephp" in /etc/nginx/conf.d/default.conf:15
2024/07/18 16:32:11 [emerg] 1#1: host not found in upstream "voyagephp" in /etc/nginx/conf.d/default.conf:15
2024/07/18 16:32:59 [emerg] 1#1: host not found in upstream "voyagephp" in /etc/nginx/conf.d/default.conf:15
2024/07/18 16:33:04 [emerg] 1#1: host not found in upstream "voyagephp" in /etc/nginx/conf.d/default.conf:15
2024/07/18 16:33:10 [emerg] 1#1: host not found in upstream "voyagephp" in /etc/nginx/conf.d/default.conf:15
2024/07/18 16:33:16 [emerg] 1#1: host not found in upstream "voyagephp" in /etc/nginx/conf.d/default.conf:15
2024/07/18 16:33:22 [emerg] 1#1: host not found in upstream "voyagephp" in /etc/nginx/conf.d/default.conf:15
2024/07/18 16:33:29 [emerg] 1#1: host not found in upstream "voyagephp" in /etc/nginx/conf.d/default.conf:15
2024/07/18 16:33:37 [emerg] 1#1: host not found in upstream "voyagephp" in /etc/nginx/conf.d/default.conf:15
2024/07/18 16:33:49 [emerg] 1#1: host not found in upstream "voyagephp" in /etc/nginx/conf.d/default.conf:15
2024/07/18 16:34:07 [emerg] 1#1: host not found in upstream "voyagephp" in /etc/nginx/conf.d/default.conf:15
2024/07/18 16:34:38 [emerg] 1#1: host not found in upstream "voyagephp" in /etc/nginx/conf.d/default.conf:15
2024/07/18 16:35:35 [emerg] 1#1: host not found in upstream "voyagephp" in /etc/nginx/conf.d/default.conf:15
2024/07/18 16:36:40 [emerg] 1#1: host not found in upstream "voyagephp" in /etc/nginx/conf.d/default.conf:15
2024/07/18 16:37:45 [emerg] 1#1: host not found in upstream "voyagephp" in /etc/nginx/conf.d/default.conf:15
2024/07/18 16:38:51 [emerg] 1#1: host not found in upstream "voyagephp" in /etc/nginx/conf.d/default.conf:15
2024/07/21 18:30:10 [notice] 1#1: using the "epoll" event method
2024/07/21 18:30:10 [notice] 1#1: nginx/1.26.1
2024/07/21 18:30:10 [notice] 1#1: built by gcc 13.2.1 20231014 (Alpine 13.2.1_git20231014) 
2024/07/21 18:30:10 [notice] 1#1: OS: Linux 6.5.0-44-generic
2024/07/21 18:30:10 [notice] 1#1: getrlimit(RLIMIT_NOFILE): 1048576:1048576
2024/07/21 18:30:10 [notice] 1#1: start worker processes
2024/07/21 18:30:10 [notice] 1#1: start worker process 29
2024/07/21 18:30:10 [notice] 1#1: start worker process 30
2024/07/21 18:30:10 [notice] 1#1: start worker process 31
2024/07/21 18:30:10 [notice] 1#1: start worker process 32
2024/07/21 18:30:10 [notice] 1#1: start worker process 33
2024/07/21 18:30:10 [notice] 1#1: start worker process 34
2024/07/21 18:30:10 [notice] 1#1: start worker process 35
2024/07/21 18:30:10 [notice] 1#1: start worker process 36
2024/07/22 19:58:52 [notice] 1#1: using the "epoll" event method
2024/07/22 19:58:52 [notice] 1#1: nginx/1.26.1
2024/07/22 19:58:52 [notice] 1#1: built by gcc 13.2.1 20231014 (Alpine 13.2.1_git20231014) 
2024/07/22 19:58:52 [notice] 1#1: OS: Linux 6.5.0-44-generic
2024/07/22 19:58:52 [notice] 1#1: getrlimit(RLIMIT_NOFILE): 1048576:1048576
2024/07/22 19:58:52 [notice] 1#1: start worker processes
2024/07/22 19:58:52 [notice] 1#1: start worker process 29
2024/07/22 19:58:52 [notice] 1#1: start worker process 30
2024/07/22 19:58:52 [notice] 1#1: start worker process 31
2024/07/22 19:58:52 [notice] 1#1: start worker process 32
2024/07/22 19:58:52 [notice] 1#1: start worker process 33
2024/07/22 19:58:52 [notice] 1#1: start worker process 34
2024/07/22 19:58:52 [notice] 1#1: start worker process 35
2024/07/22 19:58:52 [notice] 1#1: start worker process 36
